#
# There is insufficient memory for the Java Runtime Environment to continue.
# Native memory allocation (mmap) failed to map 188743680 bytes for Failed to commit area from 0x0000000096500000 to 0x00000000a1900000 of length 188743680.
# Possible reasons:
#   The system is out of physical RAM or swap space
#   The process is running with CompressedOops enabled, and the Java Heap may be blocking the growth of the native heap
# Possible solutions:
#   Reduce memory load on the system
#   Increase physical memory or swap space
#   Check if swap backing store is full
#   Decrease Java heap size (-Xmx/-Xms)
#   Decrease number of Java threads
#   Decrease Java thread stack sizes (-Xss)
#   Set larger code cache with -XX:ReservedCodeCacheSize=
#   JVM is running with Unscaled Compressed Oops mode in which the Java heap is
#     placed in the first 4GB address space. The Java Heap base address is the
#     maximum limit for the native heap growth. Please use -XX:HeapBaseMinAddress
#     to set the Java Heap base and to place the Java Heap above 4GB virtual address.
# This output file may be truncated or incomplete.
#
#  Out of Memory Error (./src/hotspot/os/windows/os_windows.cpp:3301), pid=37188, tid=48048
#
# JRE version: OpenJDK Runtime Environment AdoptOpenJDK (11.0.10+9) (build 11.0.10+9)
# Java VM: OpenJDK 64-Bit Server VM AdoptOpenJDK (11.0.10+9, mixed mode, tiered, compressed oops, g1 gc, windows-amd64)
# No core dump will be written. Minidumps are not enabled by default on client versions of Windows
#

---------------  S U M M A R Y ------------

Command Line: -Djavafx.embed.singleThread=true bluej.Boot D:\Pruebas formatear valores\package.bluej

Host: AMD Ryzen 7 5700U with Radeon Graphics         , 16 cores, 7G,  Windows 10 , 64 bit Build 19041 (10.0.19041.1202)
Time: Thu Oct 28 08:01:45 2021 Hora de verano romance elapsed time: 7.339521 seconds (0d 0h 0m 7s)

---------------  T H R E A D  ---------------

Current thread (0x000002087d004000):  VMThread "VM Thread" [stack: 0x0000001ef7c00000,0x0000001ef7d00000] [id=48048]

Stack: [0x0000001ef7c00000,0x0000001ef7d00000]
[error occurred during error reporting (printing stack bounds), id 0xc0000005, EXCEPTION_ACCESS_VIOLATION (0xc0000005) at pc=0x0000020800000f2d]

Native frames: (J=compiled Java code, j=interpreted, Vv=VM code, C=native code)
V  [jvm.dll+0x5f35ea]
V  [jvm.dll+0x77c65e]
V  [jvm.dll+0x77dd2f]
V  [jvm.dll+0x77e355]
V  [jvm.dll+0x77e30b]
V  [jvm.dll+0x5f2ad3]
V  [jvm.dll+0x5f31e8]
C  [ntdll.dll+0xa20cf]
C  [ntdll.dll+0x51454]
C  [ntdll.dll+0xa0bfe]
C  0x0000020800000f2d

VM_Operation (0x0000001efcffe360): G1CollectForAllocation, mode: safepoint, requested by thread 0x00000208191c2000


---------------  P R O C E S S  ---------------

Threads class SMR info:
_java_thread_list=0x000002087de1cc10, length=56, elements={
0x000002086caf8000, 0x000002087d027000, 0x000002087d030000, 0x000002087d044000,
0x000002087d045800, 0x000002087d046800, 0x000002087d052800, 0x000002087d05a000,
0x000002087d05c800, 0x000002087db14000, 0x000002087db5b800, 0x000002087db5d000,
0x000002087db5e000, 0x000002087df55800, 0x000002087db5a000, 0x000002087db5f800,
0x000002087db60800, 0x000002087db5a800, 0x000002087db5e800, 0x000002087e31b000,
0x000002081375e000, 0x000002081375f000, 0x000002087e319800, 0x000002087e31c800,
0x000002087e318800, 0x000002087e31b800, 0x000002087e317800, 0x000002087e320000,
0x000002087e31e000, 0x000002087e320800, 0x000002087e31f000, 0x000002087e321800,
0x000002087e322000, 0x000002087db5c000, 0x000002087e324000, 0x000002087e324800,
0x00000208191c3000, 0x00000208191c6000, 0x00000208191c1000, 0x00000208191c2000,
0x00000208191c7000, 0x00000208191c3800, 0x00000208191c8000, 0x00000208191c9800,
0x00000208191c4800, 0x00000208191c8800, 0x00000208191cb000, 0x00000208191c5800,
0x00000208191ca000, 0x00000208191ce800, 0x00000208191d0000, 0x00000208191cc000,
0x00000208191cc800, 0x00000208191cf000, 0x00000208191cd800, 0x000002087e31a000
}

Java Threads: ( => current thread )
  0x000002086caf8000 JavaThread "main" [_thread_blocked, id=37964, stack(0x0000001ef7600000,0x0000001ef7700000)]
  0x000002087d027000 JavaThread "Reference Handler" daemon [_thread_blocked, id=42936, stack(0x0000001ef7d00000,0x0000001ef7e00000)]
  0x000002087d030000 JavaThread "Finalizer" daemon [_thread_blocked, id=24588, stack(0x0000001ef7e00000,0x0000001ef7f00000)]
  0x000002087d044000 JavaThread "Signal Dispatcher" daemon [_thread_blocked, id=41288, stack(0x0000001ef7f00000,0x0000001ef8000000)]
  0x000002087d045800 JavaThread "Attach Listener" daemon [_thread_blocked, id=52744, stack(0x0000001ef8000000,0x0000001ef8100000)]
  0x000002087d046800 JavaThread "Service Thread" daemon [_thread_blocked, id=33036, stack(0x0000001ef8100000,0x0000001ef8200000)]
  0x000002087d052800 JavaThread "C2 CompilerThread0" daemon [_thread_blocked, id=42792, stack(0x0000001ef8200000,0x0000001ef8300000)]
  0x000002087d05a000 JavaThread "C1 CompilerThread0" daemon [_thread_blocked, id=43260, stack(0x0000001ef8300000,0x0000001ef8400000)]
  0x000002087d05c800 JavaThread "Sweeper thread" daemon [_thread_blocked, id=50864, stack(0x0000001ef8400000,0x0000001ef8500000)]
  0x000002087db14000 JavaThread "C1 CompilerThread1" daemon [_thread_blocked, id=47624, stack(0x0000001ef8500000,0x0000001ef8600000)]
  0x000002087db5b800 JavaThread "Common-Cleaner" daemon [_thread_blocked, id=33704, stack(0x0000001ef8700000,0x0000001ef8800000)]
  0x000002087db5d000 JavaThread "JavaFX-Launcher" [_thread_blocked, id=34584, stack(0x0000001ef8800000,0x0000001ef8900000)]
  0x000002087db5e000 JavaThread "QuantumRenderer-0" daemon [_thread_blocked, id=51332, stack(0x0000001ef8900000,0x0000001ef8a00000)]
  0x000002087df55800 JavaThread "C2 CompilerThread1" daemon [_thread_blocked, id=53204, stack(0x0000001ef8a00000,0x0000001ef8b00000)]
  0x000002087db5a000 JavaThread "InvokeLaterDispatcher" daemon [_thread_blocked, id=14784, stack(0x0000001ef8d00000,0x0000001ef8e00000)]
  0x000002087db5f800 JavaThread "JavaFX Application Thread" [_thread_blocked, id=14700, stack(0x0000001ef8e00000,0x0000001ef8f00000)]
  0x000002087db60800 JavaThread "Thread-2" daemon [_thread_blocked, id=50404, stack(0x0000001ef9900000,0x0000001ef9a00000)]
  0x000002087db5a800 JavaThread "Java2D Disposer" daemon [_thread_blocked, id=52272, stack(0x0000001ef9a00000,0x0000001ef9b00000)]
  0x000002087db5e800 JavaThread "AWT-Windows" daemon [_thread_in_native, id=52280, stack(0x0000001ef9c00000,0x0000001ef9d00000)]
  0x000002087e31b000 JavaThread "subMain thread" [_thread_blocked, id=52296, stack(0x0000001ef9d00000,0x0000001ef9e00000)]
  0x000002081375e000 JavaThread "C1 CompilerThread2" daemon [_thread_blocked, id=51384, stack(0x0000001ef9e00000,0x0000001ef9f00000)]
  0x000002081375f000 JavaThread "C1 CompilerThread3" daemon [_thread_blocked, id=51636, stack(0x0000001ef9f00000,0x0000001efa000000)]
  0x000002087e319800 JavaThread "Keep-Alive-Timer" daemon [_thread_blocked, id=50296, stack(0x0000001efbb00000,0x0000001efbc00000)]
  0x000002087e31c800 JavaThread "Prism Font Disposer" daemon [_thread_blocked, id=38484, stack(0x0000001efbe00000,0x0000001efbf00000)]
  0x000002087e318800 JavaThread "pool-2-thread-1" [_thread_blocked, id=53012, stack(0x0000001efbf00000,0x0000001efc000000)]
  0x000002087e31b800 JavaThread "Import scanner" [_thread_blocked, id=47708, stack(0x0000001efc000000,0x0000001efc100000)]
  0x000002087e317800 JavaThread "JDI Internal Event Handler" daemon [_thread_blocked, id=20728, stack(0x0000001ef9b00000,0x0000001ef9c00000)]
  0x000002087e320000 JavaThread "JDI Target VM Interface" daemon [_thread_in_native, id=53172, stack(0x0000001efc100000,0x0000001efc200000)]
  0x000002087e31e000 JavaThread "BlueJ I/O Handler" [_thread_in_native, id=52972, stack(0x0000001efc200000,0x0000001efc300000)]
  0x000002087e320800 JavaThread "BlueJ I/O Handler" [_thread_in_native, id=53188, stack(0x0000001efc300000,0x0000001efc400000)]
  0x000002087e31f000 JavaThread "BlueJ I/O Handler" [_thread_blocked, id=53232, stack(0x0000001efc400000,0x0000001efc500000)]
  0x000002087e321800 JavaThread "VM Event Handler Helper" [_thread_blocked, id=43232, stack(0x0000001efc500000,0x0000001efc600000)]
  0x000002087e322000 JavaThread "vm-event-handler" [_thread_blocked, id=50096, stack(0x0000001efc600000,0x0000001efc700000)]
  0x000002087db5c000 JavaThread "Disposer" daemon [_thread_blocked, id=51692, stack(0x0000001efb400000,0x0000001efb500000)]
  0x000002087e324000 JavaThread "Cleaner-0" daemon [_thread_blocked, id=51964, stack(0x0000001efc800000,0x0000001efc900000)]
  0x000002087e324800 JavaThread "AWT-Shutdown" [_thread_blocked, id=46160, stack(0x0000001efca00000,0x0000001efcb00000)]
  0x00000208191c3000 JavaThread "SwingNode Disposer" daemon [_thread_blocked, id=15496, stack(0x0000001efcb00000,0x0000001efcc00000)]
  0x00000208191c6000 JavaThread "Hilo del compilador de BlueJ" [_thread_blocked, id=37288, stack(0x0000001efce00000,0x0000001efcf00000)]
  0x00000208191c1000 JavaThread "ClassGraph-worker-15" daemon [_thread_blocked, id=53212, stack(0x0000001efcc00000,0x0000001efcd00000)]
  0x00000208191c2000 JavaThread "ClassGraph-worker-16" daemon [_thread_blocked, id=51068, stack(0x0000001efcf00000,0x0000001efd000000)]
  0x00000208191c7000 JavaThread "ClassGraph-worker-17" daemon [_thread_blocked, id=52508, stack(0x0000001efd000000,0x0000001efd100000)]
  0x00000208191c3800 JavaThread "ClassGraph-worker-18" daemon [_thread_blocked, id=50132, stack(0x0000001efd100000,0x0000001efd200000)]
  0x00000208191c8000 JavaThread "ClassGraph-worker-19" daemon [_thread_blocked, id=3560, stack(0x0000001efd200000,0x0000001efd300000)]
  0x00000208191c9800 JavaThread "ClassGraph-worker-20" daemon [_thread_blocked, id=51976, stack(0x0000001efd300000,0x0000001efd400000)]
  0x00000208191c4800 JavaThread "ClassGraph-worker-21" daemon [_thread_blocked, id=42940, stack(0x0000001efd400000,0x0000001efd500000)]
  0x00000208191c8800 JavaThread "ClassGraph-worker-22" daemon [_thread_blocked, id=48160, stack(0x0000001efd500000,0x0000001efd600000)]
  0x00000208191cb000 JavaThread "ClassGraph-worker-23" daemon [_thread_blocked, id=38784, stack(0x0000001efd600000,0x0000001efd700000)]
  0x00000208191c5800 JavaThread "ClassGraph-worker-24" daemon [_thread_blocked, id=34776, stack(0x0000001efd700000,0x0000001efd800000)]
  0x00000208191ca000 JavaThread "ClassGraph-worker-25" daemon [_thread_blocked, id=51324, stack(0x0000001efd800000,0x0000001efd900000)]
  0x00000208191ce800 JavaThread "ClassGraph-worker-26" daemon [_thread_blocked, id=46708, stack(0x0000001efd900000,0x0000001efda00000)]
  0x00000208191d0000 JavaThread "ClassGraph-worker-27" daemon [_thread_blocked, id=52856, stack(0x0000001efda00000,0x0000001efdb00000)]
  0x00000208191cc000 JavaThread "ClassGraph-worker-28" daemon [_thread_blocked, id=52992, stack(0x0000001efdb00000,0x0000001efdc00000)]
  0x00000208191cc800 JavaThread "ClassGraph-worker-29" daemon [_thread_blocked, id=53020, stack(0x0000001efdc00000,0x0000001efdd00000)]
  0x00000208191cf000 JavaThread "pool-2-thread-2" [_thread_blocked, id=38272, stack(0x0000001efb500000,0x0000001efb600000)]
  0x00000208191cd800 JavaThread "AWT-EventQueue-0" [_thread_blocked, id=51864, stack(0x0000001efdd00000,0x0000001efde00000)]
  0x000002087e31a000 JavaThread "Process Blackbox queue" [_thread_blocked, id=52228, stack(0x0000001efbd00000,0x0000001efbe00000)]

Other Threads:
=>0x000002087d004000 VMThread "VM Thread" [stack: 0x0000001ef7c00000,0x0000001ef7d00000] [id=48048]
  0x000002087db59000 WatcherThread [stack: 0x0000001ef8600000,0x0000001ef8700000] [id=43560]
  0x000002086cb0c000 GCTaskThread "GC Thread#0" [stack: 0x0000001ef7700000,0x0000001ef7800000] [id=52176]
  0x000002087e568800 GCTaskThread "GC Thread#1" [stack: 0x0000001efa000000,0x0000001efa100000] [id=49396]
  0x000002081338f000 GCTaskThread "GC Thread#2" [stack: 0x0000001efa100000,0x0000001efa200000] [id=31820]
  0x000002081338f800 GCTaskThread "GC Thread#3" [stack: 0x0000001efa200000,0x0000001efa300000] [id=35700]
  0x00000208135a0800 GCTaskThread "GC Thread#4" [stack: 0x0000001efa300000,0x0000001efa400000] [id=50620]
  0x00000208135a1000 GCTaskThread "GC Thread#5" [stack: 0x0000001efa400000,0x0000001efa500000] [id=46324]
  0x000002087e564800 GCTaskThread "GC Thread#6" [stack: 0x0000001efa500000,0x0000001efa600000] [id=51588]
  0x000002087e565800 GCTaskThread "GC Thread#7" [stack: 0x0000001efa600000,0x0000001efa700000] [id=49592]
  0x0000020813592800 GCTaskThread "GC Thread#8" [stack: 0x0000001efa700000,0x0000001efa800000] [id=52324]
  0x0000020813593000 GCTaskThread "GC Thread#9" [stack: 0x0000001efa800000,0x0000001efa900000] [id=52120]
  0x00000208167ef000 GCTaskThread "GC Thread#10" [stack: 0x0000001efb600000,0x0000001efb700000] [id=33716]
  0x00000208167f0000 GCTaskThread "GC Thread#11" [stack: 0x0000001efb700000,0x0000001efb800000] [id=52256]
  0x00000208169b0000 GCTaskThread "GC Thread#12" [stack: 0x0000001efb800000,0x0000001efb900000] [id=52308]
  0x000002086cb40000 ConcurrentGCThread "G1 Main Marker" [stack: 0x0000001ef7800000,0x0000001ef7900000] [id=38600]
  0x000002086cb41800 ConcurrentGCThread "G1 Conc#0" [stack: 0x0000001ef7900000,0x0000001ef7a00000] [id=48780]
  0x000002081664a800 ConcurrentGCThread "G1 Conc#1" [stack: 0x0000001efb900000,0x0000001efba00000] [id=52312]
  0x0000020816656000 ConcurrentGCThread "G1 Conc#2" [stack: 0x0000001efba00000,0x0000001efbb00000] [id=52252]
  0x000002086cbd7800 ConcurrentGCThread "G1 Refine#0" [stack: 0x0000001ef7a00000,0x0000001ef7b00000] [id=47020]
  0x000002087df24800 ConcurrentGCThread "G1 Refine#1" [stack: 0x0000001efa900000,0x0000001efaa00000] [id=30612]
  0x000002086cbd9800 ConcurrentGCThread "G1 Young RemSet Sampling" [stack: 0x0000001ef7b00000,0x0000001ef7c00000] [id=46856]

Threads with active compile tasks:
C2 CompilerThread0   7381 6685   !   4       io.github.classgraph.Classfile::readConstantPoolEntries (848 bytes)
C2 CompilerThread1   7381 5292       4       io.github.classgraph.Classfile::readMethods (877 bytes)

VM state:at safepoint (normal execution)

VM Mutex/Monitor currently owned by a thread:  ([mutex/lock_event])
[0x000002086a98ad20] Threads_lock - owner thread: 0x000002087d004000
[0x000002086a98a810] Heap_lock - owner thread: 0x00000208191c2000

Heap address: 0x000000008a600000, size: 1882 MB, Compressed Oops mode: 32-bit
Narrow klass base: 0x0000000000000000, Narrow klass shift: 3
Compressed class space size: 1073741824 Address: 0x0000000100000000

Heap:
 garbage-first heap   total 379904K, used 64116K [0x000000008a600000, 0x0000000100000000)
  region size 1024K, 2 young (2048K), 2 survivors (2048K)
 Metaspace       used 63429K, capacity 66177K, committed 66432K, reserved 1105920K
  class space    used 8513K, capacity 9720K, committed 9856K, reserved 1048576K
Heap Regions: E=young(eden), S=young(survivor), O=old, HS=humongous(starts), HC=humongous(continues), CS=collection set, F=free, A=archive, TAMS=top-at-mark-start (previous, next)
|   0|0x000000008a600000, 0x000000008a700000, 0x000000008a700000|100%| O|  |TAMS 0x000000008a600000, 0x000000008a600000| Untracked 
|   1|0x000000008a700000, 0x000000008a800000, 0x000000008a800000|100%| O|  |TAMS 0x000000008a800000, 0x000000008a700000| Untracked 
|   2|0x000000008a800000, 0x000000008a900000, 0x000000008a900000|100%| O|  |TAMS 0x000000008a900000, 0x000000008a800000| Untracked 
|   3|0x000000008a900000, 0x000000008aa00000, 0x000000008aa00000|100%| O|  |TAMS 0x000000008aa00000, 0x000000008a900000| Untracked 
|   4|0x000000008aa00000, 0x000000008ab00000, 0x000000008ab00000|100%| O|  |TAMS 0x000000008ab00000, 0x000000008aa00000| Untracked 
|   5|0x000000008ab00000, 0x000000008ac00000, 0x000000008ac00000|100%| O|  |TAMS 0x000000008ac00000, 0x000000008ab00000| Complete 
|   6|0x000000008ac00000, 0x000000008ad00000, 0x000000008ad00000|100%| O|  |TAMS 0x000000008ad00000, 0x000000008ac00000| Complete 
|   7|0x000000008ad00000, 0x000000008ae00000, 0x000000008ae00000|100%| O|  |TAMS 0x000000008ae00000, 0x000000008ad00000| Complete 
|   8|0x000000008ae00000, 0x000000008af00000, 0x000000008af00000|100%| O|  |TAMS 0x000000008af00000, 0x000000008ae00000| Untracked 
|   9|0x000000008af00000, 0x000000008b000000, 0x000000008b000000|100%| O|  |TAMS 0x000000008b000000, 0x000000008af00000| Untracked 
|  10|0x000000008b000000, 0x000000008b100000, 0x000000008b100000|100%| O|  |TAMS 0x000000008b100000, 0x000000008b000000| Untracked 
|  11|0x000000008b100000, 0x000000008b200000, 0x000000008b200000|100%| O|  |TAMS 0x000000008b200000, 0x000000008b100000| Untracked 
|  12|0x000000008b200000, 0x000000008b300000, 0x000000008b300000|100%| O|  |TAMS 0x000000008b300000, 0x000000008b200000| Untracked 
|  13|0x000000008b300000, 0x000000008b400000, 0x000000008b400000|100%| O|  |TAMS 0x000000008b400000, 0x000000008b300000| Complete 
|  14|0x000000008b400000, 0x000000008b500000, 0x000000008b500000|100%|HS|  |TAMS 0x000000008b500000, 0x000000008b400000| Complete 
|  15|0x000000008b500000, 0x000000008b600000, 0x000000008b600000|100%|HC|  |TAMS 0x000000008b600000, 0x000000008b500000| Complete 
|  16|0x000000008b600000, 0x000000008b700000, 0x000000008b700000|100%| O|  |TAMS 0x000000008b700000, 0x000000008b600000| Untracked 
|  17|0x000000008b700000, 0x000000008b800000, 0x000000008b800000|100%| O|  |TAMS 0x000000008b800000, 0x000000008b700000| Complete 
|  18|0x000000008b800000, 0x000000008b900000, 0x000000008b900000|100%| O|  |TAMS 0x000000008b900000, 0x000000008b800000| Untracked 
|  19|0x000000008b900000, 0x000000008ba00000, 0x000000008ba00000|100%| O|  |TAMS 0x000000008ba00000, 0x000000008b900000| Untracked 
|  20|0x000000008ba00000, 0x000000008bb00000, 0x000000008bb00000|100%| O|  |TAMS 0x000000008bb00000, 0x000000008ba00000| Complete 
|  21|0x000000008bb00000, 0x000000008bc00000, 0x000000008bc00000|100%| O|  |TAMS 0x000000008bc00000, 0x000000008bb00000| Complete 
|  22|0x000000008bc00000, 0x000000008bd00000, 0x000000008bd00000|100%| O|  |TAMS 0x000000008bd00000, 0x000000008bc00000| Complete 
|  23|0x000000008bd00000, 0x000000008be00000, 0x000000008be00000|100%| O|  |TAMS 0x000000008be00000, 0x000000008bd00000| Complete 
|  24|0x000000008be00000, 0x000000008be00000, 0x000000008bf00000|  0%| F|  |TAMS 0x000000008be00000, 0x000000008be00000| Untracked 
|  25|0x000000008bf00000, 0x000000008bf00000, 0x000000008c000000|  0%| F|  |TAMS 0x000000008bf00000, 0x000000008bf00000| Untracked 
|  26|0x000000008c000000, 0x000000008c000000, 0x000000008c100000|  0%| F|  |TAMS 0x000000008c000000, 0x000000008c000000| Untracked 
|  27|0x000000008c100000, 0x000000008c100000, 0x000000008c200000|  0%| F|  |TAMS 0x000000008c100000, 0x000000008c100000| Untracked 
|  28|0x000000008c200000, 0x000000008c200000, 0x000000008c300000|  0%| F|  |TAMS 0x000000008c200000, 0x000000008c200000| Untracked 
|  29|0x000000008c300000, 0x000000008c300000, 0x000000008c400000|  0%| F|  |TAMS 0x000000008c300000, 0x000000008c300000| Untracked 
|  30|0x000000008c400000, 0x000000008c400000, 0x000000008c500000|  0%| F|  |TAMS 0x000000008c400000, 0x000000008c400000| Untracked 
|  31|0x000000008c500000, 0x000000008c600000, 0x000000008c600000|100%| O|  |TAMS 0x000000008c600000, 0x000000008c500000| Complete 
|  32|0x000000008c600000, 0x000000008c600000, 0x000000008c700000|  0%| F|  |TAMS 0x000000008c600000, 0x000000008c600000| Untracked 
|  33|0x000000008c700000, 0x000000008c700000, 0x000000008c800000|  0%| F|  |TAMS 0x000000008c700000, 0x000000008c700000| Untracked 
|  34|0x000000008c800000, 0x000000008c800000, 0x000000008c900000|  0%| F|  |TAMS 0x000000008c800000, 0x000000008c800000| Untracked 
|  35|0x000000008c900000, 0x000000008c900000, 0x000000008ca00000|  0%| F|  |TAMS 0x000000008c900000, 0x000000008c900000| Untracked 
|  36|0x000000008ca00000, 0x000000008ca00000, 0x000000008cb00000|  0%| F|  |TAMS 0x000000008ca00000, 0x000000008ca00000| Untracked 
|  37|0x000000008cb00000, 0x000000008cb00000, 0x000000008cc00000|  0%| F|  |TAMS 0x000000008cb00000, 0x000000008cb00000| Untracked 
|  38|0x000000008cc00000, 0x000000008cd00000, 0x000000008cd00000|100%| O|  |TAMS 0x000000008cd00000, 0x000000008cc00000| Complete 
|  39|0x000000008cd00000, 0x000000008ce00000, 0x000000008ce00000|100%| O|  |TAMS 0x000000008ce00000, 0x000000008cd00000| Complete 
|  40|0x000000008ce00000, 0x000000008ce00000, 0x000000008cf00000|  0%| F|  |TAMS 0x000000008ce00000, 0x000000008ce00000| Untracked 
|  41|0x000000008cf00000, 0x000000008cf00000, 0x000000008d000000|  0%| F|  |TAMS 0x000000008cf00000, 0x000000008cf00000| Untracked 
|  42|0x000000008d000000, 0x000000008d100000, 0x000000008d100000|100%| O|  |TAMS 0x000000008d100000, 0x000000008d000000| Complete 
|  43|0x000000008d100000, 0x000000008d200000, 0x000000008d200000|100%| O|  |TAMS 0x000000008d200000, 0x000000008d100000| Complete 
|  44|0x000000008d200000, 0x000000008d300000, 0x000000008d300000|100%| O|  |TAMS 0x000000008d300000, 0x000000008d200000| Untracked 
|  45|0x000000008d300000, 0x000000008d400000, 0x000000008d400000|100%| O|  |TAMS 0x000000008d400000, 0x000000008d300000| Complete 
|  46|0x000000008d400000, 0x000000008d500000, 0x000000008d500000|100%| O|  |TAMS 0x000000008d500000, 0x000000008d400000| Complete 
|  47|0x000000008d500000, 0x000000008d600000, 0x000000008d600000|100%| O|  |TAMS 0x000000008d600000, 0x000000008d500000| Complete 
|  48|0x000000008d600000, 0x000000008d700000, 0x000000008d700000|100%| O|  |TAMS 0x000000008d700000, 0x000000008d600000| Complete 
|  49|0x000000008d700000, 0x000000008d800000, 0x000000008d800000|100%| O|  |TAMS 0x000000008d800000, 0x000000008d700000| Complete 
|  50|0x000000008d800000, 0x000000008d900000, 0x000000008d900000|100%| O|  |TAMS 0x000000008d900000, 0x000000008d800000| Complete 
|  51|0x000000008d900000, 0x000000008da00000, 0x000000008da00000|100%| O|  |TAMS 0x000000008da00000, 0x000000008d900000| Untracked 
|  52|0x000000008da00000, 0x000000008db00000, 0x000000008db00000|100%| O|  |TAMS 0x000000008db00000, 0x000000008da00000| Untracked 
|  53|0x000000008db00000, 0x000000008dc00000, 0x000000008dc00000|100%| O|  |TAMS 0x000000008dc00000, 0x000000008db00000| Untracked 
|  54|0x000000008dc00000, 0x000000008dd00000, 0x000000008dd00000|100%| O|  |TAMS 0x000000008dd00000, 0x000000008dc00000| Untracked 
|  55|0x000000008dd00000, 0x000000008de00000, 0x000000008de00000|100%| O|  |TAMS 0x000000008de00000, 0x000000008dd00000| Untracked 
|  56|0x000000008de00000, 0x000000008df00000, 0x000000008df00000|100%| O|  |TAMS 0x000000008df00000, 0x000000008de00000| Untracked 
|  57|0x000000008df00000, 0x000000008e000000, 0x000000008e000000|100%| O|  |TAMS 0x000000008e000000, 0x000000008df00000| Untracked 
|  58|0x000000008e000000, 0x000000008e100000, 0x000000008e100000|100%| O|  |TAMS 0x000000008e100000, 0x000000008e000000| Untracked 
|  59|0x000000008e100000, 0x000000008e200000, 0x000000008e200000|100%| O|  |TAMS 0x000000008e200000, 0x000000008e100000| Complete 
|  60|0x000000008e200000, 0x000000008e300000, 0x000000008e300000|100%| O|  |TAMS 0x000000008e300000, 0x000000008e200000| Untracked 
|  61|0x000000008e300000, 0x000000008e400000, 0x000000008e400000|100%| O|  |TAMS 0x000000008e400000, 0x000000008e300000| Untracked 
|  62|0x000000008e400000, 0x000000008e500000, 0x000000008e500000|100%| O|  |TAMS 0x000000008e500000, 0x000000008e400000| Untracked 
|  63|0x000000008e500000, 0x000000008e600000, 0x000000008e600000|100%| O|  |TAMS 0x000000008e600000, 0x000000008e500000| Untracked 
|  64|0x000000008e600000, 0x000000008e700000, 0x000000008e700000|100%| O|  |TAMS 0x000000008e700000, 0x000000008e600000| Untracked 
|  65|0x000000008e700000, 0x000000008e800000, 0x000000008e800000|100%| O|  |TAMS 0x000000008e800000, 0x000000008e700000| Complete 
|  66|0x000000008e800000, 0x000000008e900000, 0x000000008e900000|100%| O|  |TAMS 0x000000008e880600, 0x000000008e800000| Untracked 
|  67|0x000000008e900000, 0x000000008ea00000, 0x000000008ea00000|100%| O|  |TAMS 0x000000008e900000, 0x000000008e900000| Untracked 
|  68|0x000000008ea00000, 0x000000008eb00000, 0x000000008eb00000|100%| O|  |TAMS 0x000000008ea00000, 0x000000008ea00000| Untracked 
|  69|0x000000008eb00000, 0x000000008ec00000, 0x000000008ec00000|100%| O|  |TAMS 0x000000008eb00000, 0x000000008eb00000| Untracked 
|  70|0x000000008ec00000, 0x000000008ed00000, 0x000000008ed00000|100%| O|  |TAMS 0x000000008ec00000, 0x000000008ec00000| Untracked 
|  71|0x000000008ed00000, 0x000000008ee00000, 0x000000008ee00000|100%| O|  |TAMS 0x000000008ed00000, 0x000000008ed00000| Untracked 
|  72|0x000000008ee00000, 0x000000008ef00000, 0x000000008ef00000|100%| O|  |TAMS 0x000000008ee00000, 0x000000008ee00000| Untracked 
|  73|0x000000008ef00000, 0x000000008f000000, 0x000000008f000000|100%| O|  |TAMS 0x000000008ef00000, 0x000000008ef00000| Untracked 
|  74|0x000000008f000000, 0x000000008f100000, 0x000000008f100000|100%| O|  |TAMS 0x000000008f000000, 0x000000008f000000| Untracked 
|  75|0x000000008f100000, 0x000000008f200000, 0x000000008f200000|100%| O|  |TAMS 0x000000008f100000, 0x000000008f100000| Untracked 
|  76|0x000000008f200000, 0x000000008f249400, 0x000000008f300000| 28%| O|  |TAMS 0x000000008f200000, 0x000000008f200000| Untracked 
|  77|0x000000008f300000, 0x000000008f300000, 0x000000008f400000|  0%| F|  |TAMS 0x000000008f300000, 0x000000008f300000| Untracked 
|  78|0x000000008f400000, 0x000000008f400000, 0x000000008f500000|  0%| F|  |TAMS 0x000000008f400000, 0x000000008f400000| Untracked 
|  79|0x000000008f500000, 0x000000008f500000, 0x000000008f600000|  0%| F|  |TAMS 0x000000008f500000, 0x000000008f500000| Untracked 
|  80|0x000000008f600000, 0x000000008f600000, 0x000000008f700000|  0%| F|  |TAMS 0x000000008f600000, 0x000000008f600000| Untracked 
|  81|0x000000008f700000, 0x000000008f700000, 0x000000008f800000|  0%| F|  |TAMS 0x000000008f700000, 0x000000008f700000| Untracked 
|  82|0x000000008f800000, 0x000000008f800000, 0x000000008f900000|  0%| F|  |TAMS 0x000000008f800000, 0x000000008f800000| Untracked 
|  83|0x000000008f900000, 0x000000008f900000, 0x000000008fa00000|  0%| F|  |TAMS 0x000000008f900000, 0x000000008f900000| Untracked 
|  84|0x000000008fa00000, 0x000000008fa00000, 0x000000008fb00000|  0%| F|  |TAMS 0x000000008fa00000, 0x000000008fa00000| Untracked 
|  85|0x000000008fb00000, 0x000000008fb00000, 0x000000008fc00000|  0%| F|  |TAMS 0x000000008fb00000, 0x000000008fb00000| Untracked 
|  86|0x000000008fc00000, 0x000000008fc00000, 0x000000008fd00000|  0%| F|  |TAMS 0x000000008fc00000, 0x000000008fc00000| Untracked 
|  87|0x000000008fd00000, 0x000000008fd00000, 0x000000008fe00000|  0%| F|  |TAMS 0x000000008fd00000, 0x000000008fd00000| Untracked 
|  88|0x000000008fe00000, 0x000000008fe00000, 0x000000008ff00000|  0%| F|  |TAMS 0x000000008fe00000, 0x000000008fe00000| Untracked 
|  89|0x000000008ff00000, 0x000000008ff00000, 0x0000000090000000|  0%| F|  |TAMS 0x000000008ff00000, 0x000000008ff00000| Untracked 
|  90|0x0000000090000000, 0x0000000090000000, 0x0000000090100000|  0%| F|  |TAMS 0x0000000090000000, 0x0000000090000000| Untracked 
|  91|0x0000000090100000, 0x0000000090100000, 0x0000000090200000|  0%| F|  |TAMS 0x0000000090100000, 0x0000000090100000| Untracked 
|  92|0x0000000090200000, 0x0000000090200000, 0x0000000090300000|  0%| F|  |TAMS 0x0000000090200000, 0x0000000090200000| Untracked 
|  93|0x0000000090300000, 0x0000000090300000, 0x0000000090400000|  0%| F|  |TAMS 0x0000000090300000, 0x0000000090300000| Untracked 
|  94|0x0000000090400000, 0x0000000090400000, 0x0000000090500000|  0%| F|  |TAMS 0x0000000090400000, 0x0000000090400000| Untracked 
|  95|0x0000000090500000, 0x0000000090500000, 0x0000000090600000|  0%| F|  |TAMS 0x0000000090500000, 0x0000000090500000| Untracked 
|  96|0x0000000090600000, 0x0000000090600000, 0x0000000090700000|  0%| F|  |TAMS 0x0000000090600000, 0x0000000090600000| Untracked 
|  97|0x0000000090700000, 0x0000000090700000, 0x0000000090800000|  0%| F|  |TAMS 0x0000000090700000, 0x0000000090700000| Untracked 
|  98|0x0000000090800000, 0x0000000090800000, 0x0000000090900000|  0%| F|  |TAMS 0x0000000090800000, 0x0000000090800000| Untracked 
|  99|0x0000000090900000, 0x0000000090900000, 0x0000000090a00000|  0%| F|  |TAMS 0x0000000090900000, 0x0000000090900000| Untracked 
| 100|0x0000000090a00000, 0x0000000090a00000, 0x0000000090b00000|  0%| F|  |TAMS 0x0000000090a00000, 0x0000000090a00000| Untracked 
| 101|0x0000000090b00000, 0x0000000090b00000, 0x0000000090c00000|  0%| F|  |TAMS 0x0000000090b00000, 0x0000000090b00000| Untracked 
| 102|0x0000000090c00000, 0x0000000090c00000, 0x0000000090d00000|  0%| F|  |TAMS 0x0000000090c00000, 0x0000000090c00000| Untracked 
| 103|0x0000000090d00000, 0x0000000090d00000, 0x0000000090e00000|  0%| F|  |TAMS 0x0000000090d00000, 0x0000000090d00000| Untracked 
| 104|0x0000000090e00000, 0x0000000090e00000, 0x0000000090f00000|  0%| F|  |TAMS 0x0000000090e00000, 0x0000000090e00000| Untracked 
| 105|0x0000000090f00000, 0x0000000090f00000, 0x0000000091000000|  0%| F|  |TAMS 0x0000000090f00000, 0x0000000090f00000| Untracked 
| 106|0x0000000091000000, 0x0000000091000000, 0x0000000091100000|  0%| F|  |TAMS 0x0000000091000000, 0x0000000091000000| Untracked 
| 107|0x0000000091100000, 0x0000000091100000, 0x0000000091200000|  0%| F|  |TAMS 0x0000000091100000, 0x0000000091100000| Untracked 
| 108|0x0000000091200000, 0x0000000091200000, 0x0000000091300000|  0%| F|  |TAMS 0x0000000091200000, 0x0000000091200000| Untracked 
| 109|0x0000000091300000, 0x0000000091300000, 0x0000000091400000|  0%| F|  |TAMS 0x0000000091300000, 0x0000000091300000| Untracked 
| 110|0x0000000091400000, 0x0000000091400000, 0x0000000091500000|  0%| F|  |TAMS 0x0000000091400000, 0x0000000091400000| Untracked 
| 111|0x0000000091500000, 0x0000000091500000, 0x0000000091600000|  0%| F|  |TAMS 0x0000000091500000, 0x0000000091500000| Untracked 
| 112|0x0000000091600000, 0x0000000091600000, 0x0000000091700000|  0%| F|  |TAMS 0x0000000091600000, 0x0000000091600000| Untracked 
| 113|0x0000000091700000, 0x0000000091700000, 0x0000000091800000|  0%| F|  |TAMS 0x0000000091700000, 0x0000000091700000| Untracked 
| 114|0x0000000091800000, 0x0000000091800000, 0x0000000091900000|  0%| F|  |TAMS 0x0000000091800000, 0x0000000091800000| Untracked 
| 115|0x0000000091900000, 0x0000000091900000, 0x0000000091a00000|  0%| F|  |TAMS 0x0000000091900000, 0x0000000091900000| Untracked 
| 116|0x0000000091a00000, 0x0000000091a00000, 0x0000000091b00000|  0%| F|  |TAMS 0x0000000091a00000, 0x0000000091a00000| Untracked 
| 117|0x0000000091b00000, 0x0000000091b00000, 0x0000000091c00000|  0%| F|  |TAMS 0x0000000091b00000, 0x0000000091b00000| Untracked 
| 118|0x0000000091c00000, 0x0000000091c00000, 0x0000000091d00000|  0%| F|  |TAMS 0x0000000091c00000, 0x0000000091c00000| Untracked 
| 119|0x0000000091d00000, 0x0000000091d00000, 0x0000000091e00000|  0%| F|  |TAMS 0x0000000091d00000, 0x0000000091d00000| Untracked 
| 120|0x0000000091e00000, 0x0000000091e00000, 0x0000000091f00000|  0%| F|  |TAMS 0x0000000091e00000, 0x0000000091e00000| Untracked 
| 121|0x0000000091f00000, 0x0000000091f00000, 0x0000000092000000|  0%| F|  |TAMS 0x0000000091f00000, 0x0000000091f00000| Untracked 
| 122|0x0000000092000000, 0x0000000092000000, 0x0000000092100000|  0%| F|  |TAMS 0x0000000092000000, 0x0000000092000000| Untracked 
| 123|0x0000000092100000, 0x0000000092100000, 0x0000000092200000|  0%| F|  |TAMS 0x0000000092100000, 0x0000000092100000| Untracked 
| 124|0x0000000092200000, 0x0000000092200000, 0x0000000092300000|  0%| F|  |TAMS 0x0000000092200000, 0x0000000092200000| Untracked 
| 125|0x0000000092300000, 0x0000000092300000, 0x0000000092400000|  0%| F|  |TAMS 0x0000000092300000, 0x0000000092300000| Untracked 
| 126|0x0000000092400000, 0x0000000092400000, 0x0000000092500000|  0%| F|  |TAMS 0x0000000092400000, 0x0000000092400000| Untracked 
| 127|0x0000000092500000, 0x0000000092500000, 0x0000000092600000|  0%| F|  |TAMS 0x0000000092500000, 0x0000000092500000| Untracked 
| 128|0x0000000092600000, 0x0000000092600000, 0x0000000092700000|  0%| F|  |TAMS 0x0000000092600000, 0x0000000092600000| Untracked 
| 129|0x0000000092700000, 0x0000000092700000, 0x0000000092800000|  0%| F|  |TAMS 0x0000000092700000, 0x0000000092700000| Untracked 
| 130|0x0000000092800000, 0x0000000092800000, 0x0000000092900000|  0%| F|  |TAMS 0x0000000092800000, 0x0000000092800000| Untracked 
| 131|0x0000000092900000, 0x0000000092900000, 0x0000000092a00000|  0%| F|  |TAMS 0x0000000092900000, 0x0000000092900000| Untracked 
| 132|0x0000000092a00000, 0x0000000092a00000, 0x0000000092b00000|  0%| F|  |TAMS 0x0000000092a00000, 0x0000000092a00000| Untracked 
| 133|0x0000000092b00000, 0x0000000092b00000, 0x0000000092c00000|  0%| F|  |TAMS 0x0000000092b00000, 0x0000000092b00000| Untracked 
| 134|0x0000000092c00000, 0x0000000092c00000, 0x0000000092d00000|  0%| F|  |TAMS 0x0000000092c00000, 0x0000000092c00000| Untracked 
| 135|0x0000000092d00000, 0x0000000092d00000, 0x0000000092e00000|  0%| F|  |TAMS 0x0000000092d00000, 0x0000000092d00000| Untracked 
| 136|0x0000000092e00000, 0x0000000092e00000, 0x0000000092f00000|  0%| F|  |TAMS 0x0000000092e00000, 0x0000000092e00000| Untracked 
| 137|0x0000000092f00000, 0x0000000092f00000, 0x0000000093000000|  0%| F|  |TAMS 0x0000000092f00000, 0x0000000092f00000| Untracked 
| 138|0x0000000093000000, 0x0000000093000000, 0x0000000093100000|  0%| F|  |TAMS 0x0000000093000000, 0x0000000093000000| Untracked 
| 139|0x0000000093100000, 0x0000000093100000, 0x0000000093200000|  0%| F|  |TAMS 0x0000000093100000, 0x0000000093100000| Untracked 
| 140|0x0000000093200000, 0x0000000093200000, 0x0000000093300000|  0%| F|  |TAMS 0x0000000093200000, 0x0000000093200000| Untracked 
| 141|0x0000000093300000, 0x0000000093300000, 0x0000000093400000|  0%| F|  |TAMS 0x0000000093300000, 0x0000000093300000| Untracked 
| 142|0x0000000093400000, 0x0000000093400000, 0x0000000093500000|  0%| F|  |TAMS 0x0000000093400000, 0x0000000093400000| Untracked 
| 143|0x0000000093500000, 0x0000000093500000, 0x0000000093600000|  0%| F|  |TAMS 0x0000000093500000, 0x0000000093500000| Untracked 
| 144|0x0000000093600000, 0x0000000093600000, 0x0000000093700000|  0%| F|  |TAMS 0x0000000093600000, 0x0000000093600000| Untracked 
| 145|0x0000000093700000, 0x0000000093700000, 0x0000000093800000|  0%| F|  |TAMS 0x0000000093700000, 0x0000000093700000| Untracked 
| 146|0x0000000093800000, 0x0000000093800000, 0x0000000093900000|  0%| F|  |TAMS 0x0000000093800000, 0x0000000093800000| Untracked 
| 147|0x0000000093900000, 0x0000000093900000, 0x0000000093a00000|  0%| F|  |TAMS 0x0000000093900000, 0x0000000093900000| Untracked 
| 148|0x0000000093a00000, 0x0000000093a00000, 0x0000000093b00000|  0%| F|  |TAMS 0x0000000093a00000, 0x0000000093a00000| Untracked 
| 149|0x0000000093b00000, 0x0000000093b00000, 0x0000000093c00000|  0%| F|  |TAMS 0x0000000093b00000, 0x0000000093b00000| Untracked 
| 150|0x0000000093c00000, 0x0000000093c00000, 0x0000000093d00000|  0%| F|  |TAMS 0x0000000093c00000, 0x0000000093c00000| Untracked 
| 151|0x0000000093d00000, 0x0000000093d00000, 0x0000000093e00000|  0%| F|  |TAMS 0x0000000093d00000, 0x0000000093d00000| Untracked 
| 152|0x0000000093e00000, 0x0000000093e00000, 0x0000000093f00000|  0%| F|  |TAMS 0x0000000093e00000, 0x0000000093e00000| Untracked 
| 153|0x0000000093f00000, 0x0000000093f00000, 0x0000000094000000|  0%| F|  |TAMS 0x0000000093f00000, 0x0000000093f00000| Untracked 
| 154|0x0000000094000000, 0x0000000094000000, 0x0000000094100000|  0%| F|  |TAMS 0x0000000094000000, 0x0000000094000000| Untracked 
| 155|0x0000000094100000, 0x0000000094100000, 0x0000000094200000|  0%| F|  |TAMS 0x0000000094100000, 0x0000000094100000| Untracked 
| 156|0x0000000094200000, 0x0000000094200000, 0x0000000094300000|  0%| F|  |TAMS 0x0000000094200000, 0x0000000094200000| Untracked 
| 157|0x0000000094300000, 0x0000000094300000, 0x0000000094400000|  0%| F|  |TAMS 0x0000000094300000, 0x0000000094300000| Untracked 
| 158|0x0000000094400000, 0x0000000094400000, 0x0000000094500000|  0%| F|  |TAMS 0x0000000094400000, 0x0000000094400000| Untracked 
| 159|0x0000000094500000, 0x0000000094500000, 0x0000000094600000|  0%| F|  |TAMS 0x0000000094500000, 0x0000000094500000| Untracked 
| 160|0x0000000094600000, 0x0000000094600000, 0x0000000094700000|  0%| F|  |TAMS 0x0000000094600000, 0x0000000094600000| Untracked 
| 161|0x0000000094700000, 0x0000000094700000, 0x0000000094800000|  0%| F|  |TAMS 0x0000000094700000, 0x0000000094700000| Untracked 
| 162|0x0000000094800000, 0x0000000094800000, 0x0000000094900000|  0%| F|  |TAMS 0x0000000094800000, 0x0000000094800000| Untracked 
| 163|0x0000000094900000, 0x0000000094900000, 0x0000000094a00000|  0%| F|  |TAMS 0x0000000094900000, 0x0000000094900000| Untracked 
| 164|0x0000000094a00000, 0x0000000094a00000, 0x0000000094b00000|  0%| F|  |TAMS 0x0000000094a00000, 0x0000000094a00000| Untracked 
| 165|0x0000000094b00000, 0x0000000094b00000, 0x0000000094c00000|  0%| F|  |TAMS 0x0000000094b00000, 0x0000000094b00000| Untracked 
| 166|0x0000000094c00000, 0x0000000094c00000, 0x0000000094d00000|  0%| F|  |TAMS 0x0000000094c00000, 0x0000000094c00000| Untracked 
| 167|0x0000000094d00000, 0x0000000094d00000, 0x0000000094e00000|  0%| F|  |TAMS 0x0000000094d00000, 0x0000000094d00000| Untracked 
| 168|0x0000000094e00000, 0x0000000094e00000, 0x0000000094f00000|  0%| F|  |TAMS 0x0000000094e00000, 0x0000000094e00000| Untracked 
| 169|0x0000000094f00000, 0x0000000094f00000, 0x0000000095000000|  0%| F|  |TAMS 0x0000000094f00000, 0x0000000094f00000| Untracked 
| 170|0x0000000095000000, 0x0000000095000000, 0x0000000095100000|  0%| F|  |TAMS 0x0000000095000000, 0x0000000095000000| Untracked 
| 171|0x0000000095100000, 0x0000000095100000, 0x0000000095200000|  0%| F|  |TAMS 0x0000000095100000, 0x0000000095100000| Untracked 
| 172|0x0000000095200000, 0x0000000095200000, 0x0000000095300000|  0%| F|  |TAMS 0x0000000095200000, 0x0000000095200000| Untracked 
| 173|0x0000000095300000, 0x0000000095300000, 0x0000000095400000|  0%| F|  |TAMS 0x0000000095300000, 0x0000000095300000| Untracked 
| 174|0x0000000095400000, 0x0000000095400000, 0x0000000095500000|  0%| F|  |TAMS 0x0000000095400000, 0x0000000095400000| Untracked 
| 175|0x0000000095500000, 0x0000000095500000, 0x0000000095600000|  0%| F|  |TAMS 0x0000000095500000, 0x0000000095500000| Untracked 
| 176|0x0000000095600000, 0x0000000095600000, 0x0000000095700000|  0%| F|  |TAMS 0x0000000095600000, 0x0000000095600000| Untracked 
| 177|0x0000000095700000, 0x0000000095700000, 0x0000000095800000|  0%| F|  |TAMS 0x0000000095700000, 0x0000000095700000| Untracked 
| 178|0x0000000095800000, 0x0000000095800000, 0x0000000095900000|  0%| F|  |TAMS 0x0000000095800000, 0x0000000095800000| Untracked 
| 179|0x0000000095900000, 0x0000000095900000, 0x0000000095a00000|  0%| F|  |TAMS 0x0000000095900000, 0x0000000095900000| Untracked 
| 180|0x0000000095a00000, 0x0000000095a00000, 0x0000000095b00000|  0%| F|  |TAMS 0x0000000095a00000, 0x0000000095a00000| Untracked 
| 181|0x0000000095b00000, 0x0000000095b00000, 0x0000000095c00000|  0%| F|  |TAMS 0x0000000095b00000, 0x0000000095b00000| Untracked 
| 182|0x0000000095c00000, 0x0000000095c00000, 0x0000000095d00000|  0%| F|  |TAMS 0x0000000095c00000, 0x0000000095c00000| Untracked 
| 183|0x0000000095d00000, 0x0000000095d00000, 0x0000000095e00000|  0%| F|  |TAMS 0x0000000095d00000, 0x0000000095d00000| Untracked 
| 184|0x0000000095e00000, 0x0000000095e00000, 0x0000000095f00000|  0%| F|  |TAMS 0x0000000095e00000, 0x0000000095e00000| Untracked 
| 185|0x0000000095f00000, 0x0000000095f00000, 0x0000000096000000|  0%| F|  |TAMS 0x0000000095f00000, 0x0000000095f00000| Untracked 
| 186|0x0000000096000000, 0x0000000096000000, 0x0000000096100000|  0%| F|  |TAMS 0x0000000096000000, 0x0000000096000000| Untracked 
| 187|0x0000000096100000, 0x0000000096153dc0, 0x0000000096200000| 32%| S|CS|TAMS 0x0000000096100000, 0x0000000096100000| Complete 
| 188|0x0000000096200000, 0x0000000096300000, 0x0000000096300000|100%| S|CS|TAMS 0x0000000096200000, 0x0000000096200000| Complete 
| 189|0x0000000096300000, 0x0000000096300000, 0x0000000096400000|  0%| F|  |TAMS 0x0000000096300000, 0x0000000096300000| Untracked 
| 190|0x0000000096400000, 0x0000000096400000, 0x0000000096500000|  0%| F|  |TAMS 0x0000000096400000, 0x0000000096400000| Untracked 

Card table byte_map: [0x0000020875e30000,0x00000208761e0000] _byte_map_base: 0x00000208759dd000

Marking Bits (Prev, Next): (CMBitMap*) 0x000002086cb37e78, (CMBitMap*) 0x000002086cb37eb0
 Prev Bits: [0x0000020876590000, 0x00000208782f8000)
 Next Bits: [0x0000020878300000, 0x000002087a068000)

Polling page: 0x000002086aae0000

Metaspace:

Usage:
  Non-class:     55.13 MB capacity,    53.63 MB ( 97%) used,     1.18 MB (  2%) free+waste,   329.81 KB ( <1%) overhead. 
      Class:      9.49 MB capacity,     8.31 MB ( 88%) used,     1.01 MB ( 11%) free+waste,   167.69 KB (  2%) overhead. 
       Both:     64.63 MB capacity,    61.94 MB ( 96%) used,     2.20 MB (  3%) free+waste,   497.50 KB ( <1%) overhead. 

Virtual space:
  Non-class space:       56.00 MB reserved,      55.25 MB ( 99%) committed 
      Class space:        1.00 GB reserved,       9.63 MB ( <1%) committed 
             Both:        1.05 GB reserved,      64.88 MB (  6%) committed 

Chunk freelists:
   Non-Class:  55.00 KB
       Class:  11.00 KB
        Both:  66.00 KB

MaxMetaspaceSize: 17179869184.00 GB
CompressedClassSpaceSize: 1.00 GB

CodeHeap 'non-profiled nmethods': size=119168Kb used=2510Kb max_used=2510Kb free=116657Kb
 bounds [0x0000020807ba0000, 0x0000020807e20000, 0x000002080f000000]
CodeHeap 'profiled nmethods': size=119168Kb used=13822Kb max_used=13822Kb free=105346Kb
 bounds [0x0000020800740000, 0x00000208014c0000, 0x0000020807ba0000]
CodeHeap 'non-nmethods': size=7424Kb used=3249Kb max_used=3286Kb free=4174Kb
 bounds [0x0000020800000000, 0x0000020800340000, 0x0000020800740000]
 total_blobs=7634 nmethods=6542 adapters=997
 compilation: enabled
              stopped_count=0, restarted_count=0
 full_count=0

Compilation events (20 events):
Event: 7.201 Thread 0x000002081375e000 nmethod 6802 0x00000208014ba910 code [0x00000208014baae0, 0x00000208014bac38]
Event: 7.201 Thread 0x000002081375f000 nmethod 6799 0x00000208014bad10 code [0x00000208014baf40, 0x00000208014bb538]
Event: 7.201 Thread 0x000002087d05a000 nmethod 6803 0x00000208014bb910 code [0x00000208014bbac0, 0x00000208014bbbe8]
Event: 7.201 Thread 0x000002087db14000 nmethod 6801 0x00000208014bbc90 code [0x00000208014bbe80, 0x00000208014bc308]
Event: 7.201 Thread 0x000002081375f000 6805   !   2       java.util.concurrent.LinkedBlockingDeque::offerLast (53 bytes)
Event: 7.201 Thread 0x000002081375e000 6808   !   2       java.util.concurrent.LinkedBlockingDeque::takeFirst (47 bytes)
Event: 7.201 Thread 0x000002087db14000 6804       2       java.util.concurrent.LinkedBlockingDeque::addLast (19 bytes)
Event: 7.201 Thread 0x000002087d05a000 6810       2       java.util.concurrent.ThreadLocalRandom::getProbe (13 bytes)
Event: 7.201 Thread 0x000002087d05a000 nmethod 6810 0x00000208014bc590 code [0x00000208014bc740, 0x00000208014bc838]
Event: 7.201 Thread 0x000002087d05a000 6806       2       java.util.concurrent.LinkedBlockingDeque$Node::<init> (10 bytes)
Event: 7.201 Thread 0x000002087db14000 nmethod 6804 0x00000208014bc890 code [0x00000208014bca60, 0x00000208014bcc18]
Event: 7.201 Thread 0x000002087d05a000 nmethod 6806 0x00000208014bcd10 code [0x00000208014bcec0, 0x00000208014bcff8]
Event: 7.201 Thread 0x000002087db14000 6811       2       java.util.concurrent.ConcurrentHashMap::addCount (289 bytes)
Event: 7.201 Thread 0x000002087d05a000 6807       2       java.util.concurrent.LinkedBlockingDeque::linkLast (69 bytes)
Event: 7.219 Thread 0x000002087d05a000 nmethod 6807 0x00000208014bd090 code [0x00000208014bd280, 0x00000208014bd688]
Event: 7.219 Thread 0x000002081375e000 nmethod 6808 0x00000208014bd890 code [0x00000208014bdac0, 0x00000208014bde38]
Event: 7.219 Thread 0x000002087d05a000 6809       2       com.sun.glass.ui.InvokeLaterDispatcher$Future::<init> (20 bytes)
Event: 7.219 Thread 0x000002081375f000 nmethod 6805 0x00000208014be190 code [0x00000208014be3c0, 0x00000208014be7d8]
Event: 7.219 Thread 0x000002087d05a000 nmethod 6809 0x00000208014beb10 code [0x00000208014becc0, 0x00000208014bee78]
Event: 7.220 Thread 0x000002087db14000 nmethod 6811 0x00000208014bef10 code [0x00000208014bf120, 0x00000208014bf5b8]

GC Heap History (20 events):
Event: 6.058 GC heap after
{Heap after GC invocations=13 (full 0):
 garbage-first heap   total 120832K, used 40843K [0x000000008a600000, 0x0000000100000000)
  region size 1024K, 6 young (6144K), 6 survivors (6144K)
 Metaspace       used 60167K, capacity 62755K, committed 62976K, reserved 1103872K
  class space    used 8099K, capacity 9205K, committed 9216K, reserved 1048576K
}
Event: 6.174 GC heap before
{Heap before GC invocations=13 (full 0):
 garbage-first heap   total 120832K, used 94091K [0x000000008a600000, 0x0000000100000000)
  region size 1024K, 60 young (61440K), 6 survivors (6144K)
 Metaspace       used 60462K, capacity 62986K, committed 63232K, reserved 1103872K
  class space    used 8130K, capacity 9216K, committed 9216K, reserved 1048576K
}
Event: 6.180 GC heap after
{Heap after GC invocations=14 (full 0):
 garbage-first heap   total 120832K, used 44289K [0x000000008a600000, 0x0000000100000000)
  region size 1024K, 7 young (7168K), 7 survivors (7168K)
 Metaspace       used 60462K, capacity 62986K, committed 63232K, reserved 1103872K
  class space    used 8130K, capacity 9216K, committed 9216K, reserved 1048576K
}
Event: 6.417 GC heap before
{Heap before GC invocations=14 (full 0):
 garbage-first heap   total 120832K, used 94465K [0x000000008a600000, 0x0000000100000000)
  region size 1024K, 57 young (58368K), 7 survivors (7168K)
 Metaspace       used 62428K, capacity 65194K, committed 65408K, reserved 1105920K
  class space    used 8402K, capacity 9592K, committed 9600K, reserved 1048576K
}
Event: 6.426 GC heap after
{Heap after GC invocations=15 (full 0):
 garbage-first heap   total 145408K, used 51000K [0x000000008a600000, 0x0000000100000000)
  region size 1024K, 8 young (8192K), 8 survivors (8192K)
 Metaspace       used 62428K, capacity 65194K, committed 65408K, reserved 1105920K
  class space    used 8402K, capacity 9592K, committed 9600K, reserved 1048576K
}
Event: 6.516 GC heap before
{Heap before GC invocations=15 (full 0):
 garbage-first heap   total 145408K, used 108344K [0x000000008a600000, 0x0000000100000000)
  region size 1024K, 65 young (66560K), 8 survivors (8192K)
 Metaspace       used 62871K, capacity 65723K, committed 65792K, reserved 1105920K
  class space    used 8480K, capacity 9699K, committed 9728K, reserved 1048576K
}
Event: 6.527 GC heap after
{Heap after GC invocations=16 (full 0):
 garbage-first heap   total 145408K, used 60834K [0x000000008a600000, 0x0000000100000000)
  region size 1024K, 9 young (9216K), 9 survivors (9216K)
 Metaspace       used 62871K, capacity 65723K, committed 65792K, reserved 1105920K
  class space    used 8480K, capacity 9699K, committed 9728K, reserved 1048576K
}
Event: 6.595 GC heap before
{Heap before GC invocations=16 (full 0):
 garbage-first heap   total 145408K, used 109986K [0x000000008a600000, 0x0000000100000000)
  region size 1024K, 58 young (59392K), 9 survivors (9216K)
 Metaspace       used 63148K, capacity 65989K, committed 66048K, reserved 1105920K
  class space    used 8508K, capacity 9721K, committed 9728K, reserved 1048576K
}
Event: 6.603 GC heap after
{Heap after GC invocations=17 (full 0):
 garbage-first heap   total 145408K, used 68158K [0x000000008a600000, 0x0000000100000000)
  region size 1024K, 7 young (7168K), 7 survivors (7168K)
 Metaspace       used 63148K, capacity 65989K, committed 66048K, reserved 1105920K
  class space    used 8508K, capacity 9721K, committed 9728K, reserved 1048576K
}
Event: 6.648 GC heap before
{Heap before GC invocations=17 (full 0):
 garbage-first heap   total 145408K, used 111166K [0x000000008a600000, 0x0000000100000000)
  region size 1024K, 50 young (51200K), 7 survivors (7168K)
 Metaspace       used 63335K, capacity 66140K, committed 66432K, reserved 1105920K
  class space    used 8519K, capacity 9730K, committed 9856K, reserved 1048576K
}
Event: 6.655 GC heap after
{Heap after GC invocations=18 (full 0):
 garbage-first heap   total 145408K, used 70244K [0x000000008a600000, 0x0000000100000000)
  region size 1024K, 3 young (3072K), 3 survivors (3072K)
 Metaspace       used 63335K, capacity 66140K, committed 66432K, reserved 1105920K
  class space    used 8519K, capacity 9730K, committed 9856K, reserved 1048576K
}
Event: 6.692 GC heap before
{Heap before GC invocations=18 (full 0):
 garbage-first heap   total 145408K, used 113252K [0x000000008a600000, 0x0000000100000000)
  region size 1024K, 46 young (47104K), 3 survivors (3072K)
 Metaspace       used 63410K, capacity 66204K, committed 66432K, reserved 1105920K
  class space    used 8519K, capacity 9730K, committed 9856K, reserved 1048576K
}
Event: 6.714 GC heap after
{Heap after GC invocations=19 (full 0):
 garbage-first heap   total 195584K, used 70746K [0x000000008a600000, 0x0000000100000000)
  region size 1024K, 3 young (3072K), 3 survivors (3072K)
 Metaspace       used 63410K, capacity 66204K, committed 66432K, reserved 1105920K
  class space    used 8519K, capacity 9730K, committed 9856K, reserved 1048576K
}
Event: 6.992 GC heap before
{Heap before GC invocations=19 (full 0):
 garbage-first heap   total 195584K, used 137306K [0x000000008a600000, 0x0000000100000000)
  region size 1024K, 70 young (71680K), 3 survivors (3072K)
 Metaspace       used 63424K, capacity 66171K, committed 66432K, reserved 1105920K
  class space    used 8513K, capacity 9719K, committed 9856K, reserved 1048576K
}
Event: 6.999 GC heap after
{Heap after GC invocations=20 (full 0):
 garbage-first heap   total 195584K, used 71777K [0x000000008a600000, 0x0000000100000000)
  region size 1024K, 5 young (5120K), 5 survivors (5120K)
 Metaspace       used 63424K, capacity 66171K, committed 66432K, reserved 1105920K
  class space    used 8513K, capacity 9719K, committed 9856K, reserved 1048576K
}
Event: 7.085 GC heap before
{Heap before GC invocations=20 (full 0):
 garbage-first heap   total 195584K, used 145505K [0x000000008a600000, 0x0000000100000000)
  region size 1024K, 78 young (79872K), 5 survivors (5120K)
 Metaspace       used 63424K, capacity 66171K, committed 66432K, reserved 1105920K
  class space    used 8513K, capacity 9719K, committed 9856K, reserved 1048576K
}
Event: 7.092 GC heap after
{Heap after GC invocations=21 (full 0):
 garbage-first heap   total 195584K, used 74241K [0x000000008a600000, 0x0000000100000000)
  region size 1024K, 7 young (7168K), 7 survivors (7168K)
 Metaspace       used 63424K, capacity 66171K, committed 66432K, reserved 1105920K
  class space    used 8513K, capacity 9719K, committed 9856K, reserved 1048576K
}
Event: 7.211 GC heap before
{Heap before GC invocations=22 (full 0):
 garbage-first heap   total 195584K, used 151041K [0x000000008a600000, 0x0000000100000000)
  region size 1024K, 84 young (86016K), 7 survivors (7168K)
 Metaspace       used 63429K, capacity 66177K, committed 66432K, reserved 1105920K
  class space    used 8513K, capacity 9720K, committed 9856K, reserved 1048576K
}
Event: 7.218 GC heap after
{Heap after GC invocations=23 (full 0):
 garbage-first heap   total 195584K, used 76549K [0x000000008a600000, 0x0000000100000000)
  region size 1024K, 8 young (8192K), 8 survivors (8192K)
 Metaspace       used 63429K, capacity 66177K, committed 66432K, reserved 1105920K
  class space    used 8513K, capacity 9720K, committed 9856K, reserved 1048576K
}
Event: 7.220 GC heap before
{Heap before GC invocations=23 (full 0):
 garbage-first heap   total 195584K, used 77573K [0x000000008a600000, 0x0000000100000000)
  region size 1024K, 10 young (10240K), 8 survivors (8192K)
 Metaspace       used 63429K, capacity 66177K, committed 66432K, reserved 1105920K
  class space    used 8513K, capacity 9720K, committed 9856K, reserved 1048576K
}

Deoptimization events (20 events):
Event: 7.173 Thread 0x00000208191cc800 DEOPT PACKING pc=0x0000020801486ae4 sp=0x0000001efdcfe870
Event: 7.173 Thread 0x00000208191cc800 DEOPT UNPACKING pc=0x00000208000276ce sp=0x0000001efdcfde58 mode 0
Event: 7.175 Thread 0x00000208191c5800 DEOPT PACKING pc=0x0000020801486ae4 sp=0x0000001efd7fe6a0
Event: 7.176 Thread 0x00000208191c5800 DEOPT UNPACKING pc=0x00000208000276ce sp=0x0000001efd7fdc88 mode 0
Event: 7.178 Thread 0x00000208191c8000 DEOPT PACKING pc=0x0000020801486ae4 sp=0x0000001efd2fe4d0
Event: 7.178 Thread 0x00000208191c8000 DEOPT UNPACKING pc=0x00000208000276ce sp=0x0000001efd2fdab8 mode 0
Event: 7.182 Thread 0x00000208191ce800 DEOPT PACKING pc=0x0000020801486ae4 sp=0x0000001efd9febe0
Event: 7.182 Thread 0x00000208191ce800 DEOPT UNPACKING pc=0x00000208000276ce sp=0x0000001efd9fe1c8 mode 0
Event: 7.185 Thread 0x00000208191c3800 DEOPT PACKING pc=0x0000020801486ae4 sp=0x0000001efd1fe490
Event: 7.185 Thread 0x00000208191c3800 DEOPT UNPACKING pc=0x00000208000276ce sp=0x0000001efd1fda78 mode 0
Event: 7.188 Thread 0x00000208191c2000 DEOPT PACKING pc=0x0000020801486ae4 sp=0x0000001efcffe610
Event: 7.189 Thread 0x00000208191c2000 DEOPT UNPACKING pc=0x00000208000276ce sp=0x0000001efcffdbf8 mode 0
Event: 7.196 Thread 0x00000208191ca000 Uncommon trap: trap_request=0xffffff4d fr.pc=0x0000020807dbfacc relative=0x000000000000046c
Event: 7.198 Thread 0x00000208191ca000 Uncommon trap: reason=unstable_if action=reinterpret pc=0x0000020807dbfacc method=java.util.concurrent.ConcurrentHashMap.sumCount()J @ 41 c2
Event: 7.200 Thread 0x00000208191ca000 DEOPT PACKING pc=0x0000020807dbfacc sp=0x0000001efd8fe970
Event: 7.200 Thread 0x00000208191ca000 DEOPT UNPACKING pc=0x00000208000278af sp=0x0000001efd8fe818 mode 2
Event: 7.200 Thread 0x00000208191c2000 DEOPT PACKING pc=0x0000020801486ae4 sp=0x0000001efcffe610
Event: 7.200 Thread 0x00000208191c2000 DEOPT UNPACKING pc=0x00000208000276ce sp=0x0000001efcffdbf8 mode 0
Event: 7.219 Thread 0x00000208191c1000 DEOPT PACKING pc=0x0000020801486ae4 sp=0x0000001efccfe970
Event: 7.219 Thread 0x00000208191c1000 DEOPT UNPACKING pc=0x00000208000276ce sp=0x0000001efccfdf58 mode 0

Classes redefined (0 events):
No events

Internal exceptions (20 events):
Event: 6.184 Thread 0x00000208191cd800 Exception <a 'sun/nio/fs/WindowsException'{0x0000000091ad9e98}> (0x0000000091ad9e98) thrown at [./src/hotspot/share/prims/jni.cpp, line 615]
Event: 6.185 Thread 0x00000208191cf000 Exception <a 'sun/nio/fs/WindowsException'{0x0000000091b2cc48}> (0x0000000091b2cc48) thrown at [./src/hotspot/share/prims/jni.cpp, line 615]
Event: 6.185 Thread 0x00000208191c7000 Exception <a 'sun/nio/fs/WindowsException'{0x0000000091b1d6a8}> (0x0000000091b1d6a8) thrown at [./src/hotspot/share/prims/jni.cpp, line 615]
Event: 6.185 Thread 0x00000208191cf000 Exception <a 'sun/nio/fs/WindowsException'{0x0000000091b2cf00}> (0x0000000091b2cf00) thrown at [./src/hotspot/share/prims/jni.cpp, line 615]
Event: 6.185 Thread 0x00000208191c7000 Exception <a 'sun/nio/fs/WindowsException'{0x0000000091b1d948}> (0x0000000091b1d948) thrown at [./src/hotspot/share/prims/jni.cpp, line 615]
Event: 6.190 Thread 0x00000208191cd800 Exception <a 'sun/nio/fs/WindowsException'{0x00000000918d82f0}> (0x00000000918d82f0) thrown at [./src/hotspot/share/prims/jni.cpp, line 615]
Event: 6.190 Thread 0x00000208191cd800 Exception <a 'sun/nio/fs/WindowsException'{0x00000000918d8580}> (0x00000000918d8580) thrown at [./src/hotspot/share/prims/jni.cpp, line 615]
Event: 6.191 Thread 0x00000208191c7000 Exception <a 'sun/nio/fs/WindowsException'{0x000000009171c7f0}> (0x000000009171c7f0) thrown at [./src/hotspot/share/prims/jni.cpp, line 615]
Event: 6.191 Thread 0x00000208191c7000 Exception <a 'sun/nio/fs/WindowsException'{0x000000009171ca90}> (0x000000009171ca90) thrown at [./src/hotspot/share/prims/jni.cpp, line 615]
Event: 6.290 Thread 0x000002087e31b800 Exception <a 'java/lang/ClassNotFoundException'{0x000000009008d100}: sun/net/www/protocol/c/Handler> (0x000000009008d100) thrown at [./src/hotspot/share/classfile/systemDictionary.cpp, line 231]
Event: 6.290 Thread 0x000002087e31b800 Exception <a 'java/lang/ClassNotFoundException'{0x000000009008f540}: sun/net/www/protocol/c/Handler> (0x000000009008f540) thrown at [./src/hotspot/share/classfile/systemDictionary.cpp, line 231]
Event: 6.290 Thread 0x000002087e31b800 Exception <a 'java/lang/ClassNotFoundException'{0x0000000090091ce0}: sun/net/www/protocol/c/Handler> (0x0000000090091ce0) thrown at [./src/hotspot/share/classfile/systemDictionary.cpp, line 231]
Event: 6.290 Thread 0x000002087e31b800 Exception <a 'java/lang/ClassNotFoundException'{0x0000000090094230}: sun/net/www/protocol/c/Handler> (0x0000000090094230) thrown at [./src/hotspot/share/classfile/systemDictionary.cpp, line 231]
Event: 6.290 Thread 0x000002087e31b800 Exception <a 'java/lang/ClassNotFoundException'{0x0000000090096788}: sun/net/www/protocol/c/Handler> (0x0000000090096788) thrown at [./src/hotspot/share/classfile/systemDictionary.cpp, line 231]
Event: 6.290 Thread 0x000002087e31b800 Exception <a 'java/lang/ClassNotFoundException'{0x0000000090098cd8}: sun/net/www/protocol/c/Handler> (0x0000000090098cd8) thrown at [./src/hotspot/share/classfile/systemDictionary.cpp, line 231]
Event: 6.290 Thread 0x000002087e31b800 Exception <a 'java/lang/ClassNotFoundException'{0x000000009009b230}: sun/net/www/protocol/c/Handler> (0x000000009009b230) thrown at [./src/hotspot/share/classfile/systemDictionary.cpp, line 231]
Event: 6.291 Thread 0x000002087e31b800 Exception <a 'java/lang/ClassNotFoundException'{0x000000009009d9e8}: sun/net/www/protocol/c/Handler> (0x000000009009d9e8) thrown at [./src/hotspot/share/classfile/systemDictionary.cpp, line 231]
Event: 6.291 Thread 0x000002087e31b800 Exception <a 'java/lang/ClassNotFoundException'{0x000000009009ff00}: sun/net/www/protocol/c/Handler> (0x000000009009ff00) thrown at [./src/hotspot/share/classfile/systemDictionary.cpp, line 231]
Event: 6.515 Thread 0x000002087db5f800 Exception <a 'java/lang/NoSuchMethodError'{0x000000008fcfb798}: 'java.lang.Object java.lang.invoke.DirectMethodHandle$Holder.invokeSpecial(java.lang.Object, java.lang.Object, java.lang.Object, java.lang.Object, java.lang.Object, int, int, java.lang.Object, int)'> (0x000000008fcfb798) thrown at [./src/hotspot/share/interpreter/linkResolver.cpp, line 773]
Event: 7.196 Thread 0x00000208191ca000 Implicit null exception at 0x0000020807dbf7bc to 0x0000020807dbfb35

Events (20 events):
Event: 7.209 Executing coalesced safepoint VM operation: RevokeBias
Event: 7.209 Executing coalesced safepoint VM operation: RevokeBias done
Event: 7.209 Executing coalesced safepoint VM operation: RevokeBias
Event: 7.209 Executing coalesced safepoint VM operation: RevokeBias done
Event: 7.209 Executing coalesced safepoint VM operation: RevokeBias
Event: 7.209 Executing coalesced safepoint VM operation: RevokeBias done
Event: 7.209 Executing coalesced safepoint VM operation: RevokeBias
Event: 7.209 Executing coalesced safepoint VM operation: RevokeBias done
Event: 7.209 Executing coalesced safepoint VM operation: RevokeBias
Event: 7.209 Executing coalesced safepoint VM operation: RevokeBias done
Event: 7.209 Executing coalesced safepoint VM operation: BulkRevokeBias
Event: 7.210 Executing coalesced safepoint VM operation: BulkRevokeBias done
Event: 7.210 Executing coalesced safepoint VM operation: RevokeBias
Event: 7.210 Executing coalesced safepoint VM operation: RevokeBias done
Event: 7.210 Executing VM operation: RevokeBias done
Event: 7.210 Executing VM operation: G1CollectForAllocation
Event: 7.218 Executing VM operation: G1CollectForAllocation done
Event: 7.220 Executing VM operation: G1CollectForAllocation
Event: 7.220 Executing VM operation: G1CollectForAllocation done
Event: 7.220 Executing VM operation: G1CollectForAllocation


Dynamic libraries:
0x00007ff77f860000 - 0x00007ff77f86d000 	C:\Program Files\BlueJ\jdk\bin\javaw.exe
0x00007ffbc0890000 - 0x00007ffbc0a85000 	C:\windows\SYSTEM32\ntdll.dll
0x00007ffbbf4d0000 - 0x00007ffbbf58e000 	C:\windows\System32\KERNEL32.DLL
0x00007ffbbe450000 - 0x00007ffbbe719000 	C:\windows\System32\KERNELBASE.dll
0x00007ffbbe240000 - 0x00007ffbbe340000 	C:\windows\System32\ucrtbase.dll
0x00007ffbb7570000 - 0x00007ffbb7587000 	C:\Program Files\BlueJ\jdk\bin\jli.dll
0x00007ffbb7550000 - 0x00007ffbb7565000 	C:\Program Files\BlueJ\jdk\bin\VCRUNTIME140.dll
0x00007ffbc06a0000 - 0x00007ffbc0841000 	C:\windows\System32\USER32.dll
0x00007ffbbe210000 - 0x00007ffbbe232000 	C:\windows\System32\win32u.dll
0x00007ffbc01c0000 - 0x00007ffbc01eb000 	C:\windows\System32\GDI32.dll
0x00007ffbbe340000 - 0x00007ffbbe44b000 	C:\windows\System32\gdi32full.dll
0x00007ffbb1450000 - 0x00007ffbb16ea000 	C:\windows\WinSxS\amd64_microsoft.windows.common-controls_6595b64144ccf1df_6.0.19041.1110_none_60b5254171f9507e\COMCTL32.dll
0x00007ffbbe170000 - 0x00007ffbbe20d000 	C:\windows\System32\msvcp_win.dll
0x00007ffbbea60000 - 0x00007ffbbeafe000 	C:\windows\System32\msvcrt.dll
0x00007ffbbeb00000 - 0x00007ffbbeb30000 	C:\windows\System32\IMM32.DLL
0x00007ffb88280000 - 0x00007ffb8831b000 	C:\Program Files\BlueJ\jdk\bin\msvcp140.dll
0x00007ffb3a990000 - 0x00007ffb3b4d3000 	C:\Program Files\BlueJ\jdk\bin\server\jvm.dll
0x00007ffbc04c0000 - 0x00007ffbc056c000 	C:\windows\System32\ADVAPI32.dll
0x00007ffbbe8e0000 - 0x00007ffbbe97b000 	C:\windows\System32\sechost.dll
0x00007ffbc0570000 - 0x00007ffbc069a000 	C:\windows\System32\RPCRT4.dll
0x00007ffbbf410000 - 0x00007ffbbf418000 	C:\windows\System32\PSAPI.DLL
0x00007ffbb6a50000 - 0x00007ffbb6a5a000 	C:\windows\SYSTEM32\VERSION.dll
0x00007ffba94a0000 - 0x00007ffba94c7000 	C:\windows\SYSTEM32\WINMM.dll
0x00007ffbb7760000 - 0x00007ffbb7769000 	C:\windows\SYSTEM32\WSOCK32.dll
0x00007ffbbed20000 - 0x00007ffbbed8b000 	C:\windows\System32\WS2_32.dll
0x00007ffbbbe90000 - 0x00007ffbbbea2000 	C:\windows\SYSTEM32\kernel.appcore.dll
0x00007ffbb7540000 - 0x00007ffbb7550000 	C:\Program Files\BlueJ\jdk\bin\verify.dll
0x00007ffbae0c0000 - 0x00007ffbae2a4000 	C:\windows\SYSTEM32\DBGHELP.DLL
0x00007ffbadae0000 - 0x00007ffbadb0c000 	C:\windows\SYSTEM32\dbgcore.DLL
0x00007ffbbe030000 - 0x00007ffbbe0b3000 	C:\windows\System32\bcryptPrimitives.dll
0x00007ffbb7510000 - 0x00007ffbb7538000 	C:\Program Files\BlueJ\jdk\bin\java.dll
0x00007ffbb7500000 - 0x00007ffbb750a000 	C:\Program Files\BlueJ\jdk\bin\jimage.dll
0x00007ffbb5e80000 - 0x00007ffbb5e97000 	C:\Program Files\BlueJ\jdk\bin\zip.dll
0x00007ffbbf720000 - 0x00007ffbbfe5f000 	C:\windows\System32\SHELL32.dll
0x00007ffbbc0b0000 - 0x00007ffbbc840000 	C:\windows\SYSTEM32\windows.storage.dll
0x00007ffbbfe60000 - 0x00007ffbc01b5000 	C:\windows\System32\combase.dll
0x00007ffbbd9b0000 - 0x00007ffbbd9dc000 	C:\windows\SYSTEM32\Wldp.dll
0x00007ffbbf420000 - 0x00007ffbbf4cd000 	C:\windows\System32\SHCORE.dll
0x00007ffbbf6c0000 - 0x00007ffbbf715000 	C:\windows\System32\shlwapi.dll
0x00007ffbbdef0000 - 0x00007ffbbdf0f000 	C:\windows\SYSTEM32\profapi.dll
0x00007ffbad2d0000 - 0x00007ffbad2e9000 	C:\Program Files\BlueJ\jdk\bin\net.dll
0x00007ffbba660000 - 0x00007ffbba768000 	C:\windows\SYSTEM32\WINHTTP.dll
0x00007ffbbd6f0000 - 0x00007ffbbd75a000 	C:\windows\system32\mswsock.dll
0x00007ffbace90000 - 0x00007ffbacea2000 	C:\Program Files\BlueJ\jdk\bin\nio.dll
0x000002086ab20000 - 0x000002086ab23000 	C:\Program Files\BlueJ\lib\javafx\bin\api-ms-win-core-console-l1-1-0.dll
0x000002086cad0000 - 0x000002086cad3000 	C:\Program Files\BlueJ\lib\javafx\bin\api-ms-win-core-datetime-l1-1-0.dll
0x000002087e580000 - 0x000002087e583000 	C:\Program Files\BlueJ\lib\javafx\bin\api-ms-win-core-debug-l1-1-0.dll
0x000002087e590000 - 0x000002087e593000 	C:\Program Files\BlueJ\lib\javafx\bin\api-ms-win-core-errorhandling-l1-1-0.dll
0x000002087e5a0000 - 0x000002087e5a4000 	C:\Program Files\BlueJ\lib\javafx\bin\api-ms-win-core-file-l1-1-0.dll
0x000002087e5b0000 - 0x000002087e5b3000 	C:\Program Files\BlueJ\lib\javafx\bin\api-ms-win-core-file-l1-2-0.dll
0x000002087e5c0000 - 0x000002087e5c3000 	C:\Program Files\BlueJ\lib\javafx\bin\api-ms-win-core-file-l2-1-0.dll
0x000002087e5d0000 - 0x000002087e5d3000 	C:\Program Files\BlueJ\lib\javafx\bin\api-ms-win-core-handle-l1-1-0.dll
0x000002087e5e0000 - 0x000002087e5e3000 	C:\Program Files\BlueJ\lib\javafx\bin\api-ms-win-core-heap-l1-1-0.dll
0x000002087e5f0000 - 0x000002087e5f3000 	C:\Program Files\BlueJ\lib\javafx\bin\api-ms-win-core-interlocked-l1-1-0.dll
0x000002087e600000 - 0x000002087e603000 	C:\Program Files\BlueJ\lib\javafx\bin\api-ms-win-core-libraryloader-l1-1-0.dll
0x000002087e610000 - 0x000002087e613000 	C:\Program Files\BlueJ\lib\javafx\bin\api-ms-win-core-localization-l1-2-0.dll
0x000002087e620000 - 0x000002087e623000 	C:\Program Files\BlueJ\lib\javafx\bin\api-ms-win-core-memory-l1-1-0.dll
0x000002087e630000 - 0x000002087e633000 	C:\Program Files\BlueJ\lib\javafx\bin\api-ms-win-core-namedpipe-l1-1-0.dll
0x000002087e640000 - 0x000002087e643000 	C:\Program Files\BlueJ\lib\javafx\bin\api-ms-win-core-processenvironment-l1-1-0.dll
0x000002087e650000 - 0x000002087e653000 	C:\Program Files\BlueJ\lib\javafx\bin\api-ms-win-core-processthreads-l1-1-0.dll
0x000002087e660000 - 0x000002087e663000 	C:\Program Files\BlueJ\lib\javafx\bin\api-ms-win-core-processthreads-l1-1-1.dll
0x000002087e670000 - 0x000002087e673000 	C:\Program Files\BlueJ\lib\javafx\bin\api-ms-win-core-profile-l1-1-0.dll
0x000002087e680000 - 0x000002087e683000 	C:\Program Files\BlueJ\lib\javafx\bin\api-ms-win-core-rtlsupport-l1-1-0.dll
0x000002087e690000 - 0x000002087e693000 	C:\Program Files\BlueJ\lib\javafx\bin\api-ms-win-core-string-l1-1-0.dll
0x000002087e6a0000 - 0x000002087e6a3000 	C:\Program Files\BlueJ\lib\javafx\bin\api-ms-win-core-synch-l1-1-0.dll
0x000002087e6b0000 - 0x000002087e6b3000 	C:\Program Files\BlueJ\lib\javafx\bin\api-ms-win-core-synch-l1-2-0.dll
0x000002087e6c0000 - 0x000002087e6c3000 	C:\Program Files\BlueJ\lib\javafx\bin\api-ms-win-core-sysinfo-l1-1-0.dll
0x000002087e6d0000 - 0x000002087e6d3000 	C:\Program Files\BlueJ\lib\javafx\bin\api-ms-win-core-timezone-l1-1-0.dll
0x000002087e6e0000 - 0x000002087e6e3000 	C:\Program Files\BlueJ\lib\javafx\bin\api-ms-win-core-util-l1-1-0.dll
0x000002087e6f0000 - 0x000002087e6f3000 	C:\Program Files\BlueJ\lib\javafx\bin\api-ms-win-crt-conio-l1-1-0.dll
0x000002087e700000 - 0x000002087e704000 	C:\Program Files\BlueJ\lib\javafx\bin\api-ms-win-crt-convert-l1-1-0.dll
0x000002087e710000 - 0x000002087e713000 	C:\Program Files\BlueJ\lib\javafx\bin\api-ms-win-crt-environment-l1-1-0.dll
0x000002087e720000 - 0x000002087e723000 	C:\Program Files\BlueJ\lib\javafx\bin\api-ms-win-crt-filesystem-l1-1-0.dll
0x000002087e730000 - 0x000002087e733000 	C:\Program Files\BlueJ\lib\javafx\bin\api-ms-win-crt-heap-l1-1-0.dll
0x000002087e740000 - 0x000002087e743000 	C:\Program Files\BlueJ\lib\javafx\bin\api-ms-win-crt-locale-l1-1-0.dll
0x000002087e750000 - 0x000002087e755000 	C:\Program Files\BlueJ\lib\javafx\bin\api-ms-win-crt-math-l1-1-0.dll
0x000002087e760000 - 0x000002087e765000 	C:\Program Files\BlueJ\lib\javafx\bin\api-ms-win-crt-multibyte-l1-1-0.dll
0x000002087e770000 - 0x000002087e780000 	C:\Program Files\BlueJ\lib\javafx\bin\api-ms-win-crt-private-l1-1-0.dll
0x000002087e780000 - 0x000002087e783000 	C:\Program Files\BlueJ\lib\javafx\bin\api-ms-win-crt-process-l1-1-0.dll
0x000002087e790000 - 0x000002087e794000 	C:\Program Files\BlueJ\lib\javafx\bin\api-ms-win-crt-runtime-l1-1-0.dll
0x000002087e7a0000 - 0x000002087e7a4000 	C:\Program Files\BlueJ\lib\javafx\bin\api-ms-win-crt-stdio-l1-1-0.dll
0x000002087e7b0000 - 0x000002087e7b4000 	C:\Program Files\BlueJ\lib\javafx\bin\api-ms-win-crt-string-l1-1-0.dll
0x000002087e7c0000 - 0x000002087e7c3000 	C:\Program Files\BlueJ\lib\javafx\bin\api-ms-win-crt-time-l1-1-0.dll
0x000002087e7d0000 - 0x000002087e7d3000 	C:\Program Files\BlueJ\lib\javafx\bin\api-ms-win-crt-utility-l1-1-0.dll
0x00007ffb81770000 - 0x00007ffb8186a000 	C:\Program Files\BlueJ\lib\javafx\bin\ucrtbase.dll
0x00007ffba0180000 - 0x00007ffba0196000 	C:\Program Files\BlueJ\lib\javafx\bin\vcruntime140.dll
0x00007ffb814e0000 - 0x00007ffb81586000 	C:\Program Files\BlueJ\lib\javafx\bin\msvcp140.dll
0x00007ffb90900000 - 0x00007ffb90951000 	C:\Program Files\BlueJ\lib\javafx\bin\concrt140.dll
0x00007ffba00f0000 - 0x00007ffba0113000 	C:\Program Files\BlueJ\lib\javafx\bin\prism_d3d.dll
0x00007ffb7ada0000 - 0x00007ffb7af6e000 	C:\windows\system32\d3d9.dll
0x00007ffbbbba0000 - 0x00007ffbbbbcf000 	C:\windows\SYSTEM32\dwmapi.dll
0x00007ffbbb990000 - 0x00007ffbbba2e000 	C:\windows\system32\uxtheme.dll
0x00007ffba90f0000 - 0x00007ffba92cb000 	C:\windows\System32\DriverStore\FileRepository\u0364681.inf_amd64_76c7be7059ba6260\B364490\aticfx64.dll
0x00007ffb7d930000 - 0x00007ffb7d963000 	C:\windows\System32\DriverStore\FileRepository\u0364681.inf_amd64_76c7be7059ba6260\B364490\atiu9p64.dll
0x00007ffb5e830000 - 0x00007ffb5f551000 	C:\windows\System32\DriverStore\FileRepository\u0364681.inf_amd64_76c7be7059ba6260\B364490\atiumd64.dll
0x00007ffbbed90000 - 0x00007ffbbeeba000 	C:\windows\System32\ole32.dll
0x0000000075d00000 - 0x0000000076bc2000 	C:\windows\System32\DriverStore\FileRepository\u0364681.inf_amd64_76c7be7059ba6260\B364490\atiumd6a.dll
0x00007ffbbd9e0000 - 0x00007ffbbda2b000 	C:\windows\SYSTEM32\POWRPROF.dll
0x00007ffbbd990000 - 0x00007ffbbd9a2000 	C:\windows\SYSTEM32\UMPDC.dll
0x00007ffba9430000 - 0x00007ffba9460000 	C:\windows\SYSTEM32\amdihk64.dll
0x00007ffb93e60000 - 0x00007ffb93ea5000 	C:\Program Files\BlueJ\lib\javafx\bin\glass.dll
0x00007ffbbeb30000 - 0x00007ffbbec0a000 	C:\windows\System32\COMDLG32.dll
0x00007ffbbf5f0000 - 0x00007ffbbf6bd000 	C:\windows\System32\OLEAUT32.dll
0x00007ffbc03a0000 - 0x00007ffbc04b5000 	C:\windows\System32\MSCTF.dll
0x00007ffba9730000 - 0x00007ffba976b000 	C:\windows\SYSTEM32\dxcore.dll
0x00007ffbbdfe0000 - 0x00007ffbbe02e000 	C:\windows\System32\cfgmgr32.dll
0x00007ffb7f700000 - 0x00007ffb7f899000 	C:\Program Files\BlueJ\jdk\bin\awt.dll
0x00007ffbb9520000 - 0x00007ffbb95b0000 	C:\windows\SYSTEM32\apphelp.dll
0x00007ffb9fc50000 - 0x00007ffb9fc64000 	C:\Program Files\BlueJ\lib\javafx\bin\javafx_font.dll
0x00007ffb9e0d0000 - 0x00007ffb9e353000 	C:\windows\SYSTEM32\dwrite.dll
0x00007ffbbec70000 - 0x00007ffbbed19000 	C:\windows\System32\clbcatq.dll
0x00007ffbbb6c0000 - 0x00007ffbbb874000 	C:\windows\SYSTEM32\WindowsCodecs.dll
0x00007ffbbdfb0000 - 0x00007ffbbdfd7000 	C:\windows\System32\bcrypt.dll
0x00007ffb907b0000 - 0x00007ffb907ee000 	C:\windows\system32\dataexchange.dll
0x00007ffbb8020000 - 0x00007ffbb8284000 	C:\windows\system32\d3d11.dll
0x00007ffbb86f0000 - 0x00007ffbb88d5000 	C:\windows\system32\dcomp.dll
0x00007ffbbc8a0000 - 0x00007ffbbc994000 	C:\windows\system32\dxgi.dll
0x00007ffbb6a80000 - 0x00007ffbb6c81000 	C:\windows\system32\twinapi.appcore.dll
0x00007ffb97ad0000 - 0x00007ffb97b04000 	C:\Program Files\Common Files\Microsoft Shared\Ink\rtscom.dll
0x00007ffba3d80000 - 0x00007ffba3e79000 	C:\windows\SYSTEM32\textinputframework.dll
0x00007ffbb8cf0000 - 0x00007ffbb904e000 	C:\windows\System32\CoreUIComponents.dll
0x00007ffbb9090000 - 0x00007ffbb9182000 	C:\windows\System32\CoreMessaging.dll
0x00007ffbbcca0000 - 0x00007ffbbccd3000 	C:\windows\SYSTEM32\ntmarta.dll
0x00007ffbba8f0000 - 0x00007ffbbaa44000 	C:\windows\SYSTEM32\wintypes.dll
0x00007ffb73a50000 - 0x00007ffb73b75000 	C:\windows\system32\opengl32.dll
0x00007ffb72f20000 - 0x00007ffb72f4c000 	C:\windows\SYSTEM32\GLU32.dll
0x00007ffbb74f0000 - 0x00007ffbb74fe000 	C:\Program Files\BlueJ\jdk\bin\sunmscapi.dll
0x00007ffbbe780000 - 0x00007ffbbe8d6000 	C:\windows\System32\CRYPT32.dll

dbghelp: loaded successfully - version: 4.0.5 - missing functions: none
symbol engine: initialized successfully - sym options: 0x614 - pdb path: .;C:\Program Files\BlueJ\jdk\bin;C:\windows\SYSTEM32;C:\windows\WinSxS\amd64_microsoft.windows.common-controls_6595b64144ccf1df_6.0.19041.1110_none_60b5254171f9507e;C:\Program Files\BlueJ\jdk\bin\server;C:\Program Files\BlueJ\lib\javafx\bin;C:\windows\System32\DriverStore\FileRepository\u0364681.inf_amd64_76c7be7059ba6260\B364490;C:\Program Files\Common Files\Microsoft Shared\Ink

VM Arguments:
jvm_args: -Djavafx.embed.singleThread=true 
java_command: bluej.Boot D:\Pruebas formatear valores\package.bluej
java_class_path (initial): C:\Program Files\BlueJ\lib\bluej.jar;C:\Program Files\BlueJ\lib\javafx\lib\javafx.base.jar;C:\Program Files\BlueJ\lib\javafx\lib\javafx.controls.jar;C:\Program Files\BlueJ\lib\javafx\lib\javafx.fxml.jar;C:\Program Files\BlueJ\lib\javafx\lib\javafx.graphics.jar;C:\Program Files\BlueJ\lib\javafx\lib\javafx.media.jar;C:\Program Files\BlueJ\lib\javafx\lib\javafx.properties.jar;C:\Program Files\BlueJ\lib\javafx\lib\javafx.swing.jar;C:\Program Files\BlueJ\lib\javafx\lib\javafx.web.jar
Launcher Type: SUN_STANDARD

[Global flags]
     intx CICompilerCount                          = 12                                        {product} {ergonomic}
     uint ConcGCThreads                            = 3                                         {product} {ergonomic}
     uint G1ConcRefinementThreads                  = 13                                        {product} {ergonomic}
   size_t G1HeapRegionSize                         = 1048576                                   {product} {ergonomic}
    uintx GCDrainStackTargetSize                   = 64                                        {product} {ergonomic}
   size_t InitialHeapSize                          = 123731968                                 {product} {ergonomic}
   size_t MarkStackSize                            = 4194304                                   {product} {ergonomic}
   size_t MaxHeapSize                              = 1973420032                                {product} {ergonomic}
   size_t MaxNewSize                               = 1183842304                                {product} {ergonomic}
   size_t MinHeapDeltaBytes                        = 1048576                                   {product} {ergonomic}
    uintx NonNMethodCodeHeapSize                   = 7594288                                {pd product} {ergonomic}
    uintx NonProfiledCodeHeapSize                  = 122031976                              {pd product} {ergonomic}
    uintx ProfiledCodeHeapSize                     = 122031976                              {pd product} {ergonomic}
    uintx ReservedCodeCacheSize                    = 251658240                              {pd product} {ergonomic}
     bool SegmentedCodeCache                       = true                                      {product} {ergonomic}
     bool UseCompressedClassPointers               = true                                 {lp64_product} {ergonomic}
     bool UseCompressedOops                        = true                                 {lp64_product} {ergonomic}
     bool UseG1GC                                  = true                                      {product} {ergonomic}
     bool UseLargePagesIndividualAllocation        = false                                  {pd product} {ergonomic}

Logging:
Log output configuration:
 #0: stdout all=warning uptime,level,tags
 #1: stderr all=off uptime,level,tags

Environment Variables:
JAVA_HOME=C:\Program Files\Java\jdk-16.0.2
PATH=C:\Program Files\Common Files\Oracle\Java\javapath;C:\windows\system32;C:\windows;C:\windows\System32\Wbem;C:\windows\System32\WindowsPowerShell\v1.0\;C:\windows\System32\OpenSSH\;C:\Program Files\Java\jdk-16.0.2\bin;C:\Program Files\Git\cmd;C:\Users\chusm\AppData\Local\Microsoft\WindowsApps;
USERNAME=chusm
OS=Windows_NT
PROCESSOR_IDENTIFIER=AMD64 Family 23 Model 104 Stepping 1, AuthenticAMD



---------------  S Y S T E M  ---------------

OS: Windows 10 , 64 bit Build 19041 (10.0.19041.1202)
OS uptime: 10 days 20:18 hours

CPU:total 16 (initial active 16) (16 cores per cpu, 2 threads per core) family 23 model 104 stepping 1 microcode 0x0, cmov, cx8, fxsr, mmx, sse, sse2, sse3, ssse3, sse4.1, sse4.2, popcnt, avx, avx2, aes, clmul, mmxext, 3dnowpref, lzcnt, sse4a, ht, tsc, tscinvbit, tscinv, bmi1, bmi2, adx,

Memory: 4k page, system-wide physical 7520M (378M free)
TotalPageFile size 31072M (AvailPageFile size 186M)
current process WorkingSet (physical memory assigned to process): 372M, peak: 422M
current process commit charge ("private bytes"): 542M, peak: 722M

vm_info: OpenJDK 64-Bit Server VM (11.0.10+9) for windows-amd64 JRE (11.0.10+9), built on Jan 20 2021 06:07:07 by "" with MS VC++ 15.9 (VS2017)

END.
